[    0.000000] Initializing cgroup subsys cpuset
[    0.000000] Initializing cgroup subsys cpu
[    0.000000] Initializing cgroup subsys cpuacct
[    0.000000] Linux version 4.4.0-210-generic (buildd@lgw01-amd64-009) (gcc version 5.4.0 20160609 (Ubuntu 5.4.0-6ubuntu1~16.04.12) ) #242-Ubuntu SMP Fri Apr 16 09:57:56 UTC 2021 (Ubuntu 4.4.0-210.242-generic 4.4.262)
[    0.000000] Command line: BOOT_IMAGE=/boot/vmlinuz-4.4.0-210-generic root=LABEL=cloudimg-rootfs ro console=tty1 console=ttyS0
[    0.000000] KERNEL supported cpus:
[    0.000000]   Intel GenuineIntel
[    0.000000]   AMD AuthenticAMD
[    0.000000]   Centaur CentaurHauls
[    0.000000] x86/fpu: xstate_offset[2]:  576, xstate_sizes[2]:  256
[    0.000000] x86/fpu: Supporting XSAVE feature 0x01: 'x87 floating point registers'
[    0.000000] x86/fpu: Supporting XSAVE feature 0x02: 'SSE registers'
[    0.000000] x86/fpu: Supporting XSAVE feature 0x04: 'AVX registers'
[    0.000000] x86/fpu: Enabled xstate features 0x7, context size is 832 bytes, using 'standard' format.
[    0.000000] e820: BIOS-provided physical RAM map:
[    0.000000] BIOS-e820: [mem 0x0000000000000000-0x000000000009fbff] usable
[    0.000000] BIOS-e820: [mem 0x000000000009fc00-0x000000000009ffff] reserved
[    0.000000] BIOS-e820: [mem 0x00000000000f0000-0x00000000000fffff] reserved
[    0.000000] BIOS-e820: [mem 0x0000000000100000-0x000000003ffeffff] usable
[    0.000000] BIOS-e820: [mem 0x000000003fff0000-0x000000003fffffff] ACPI data
[    0.000000] BIOS-e820: [mem 0x00000000fec00000-0x00000000fec00fff] reserved
[    0.000000] BIOS-e820: [mem 0x00000000fee00000-0x00000000fee00fff] reserved
[    0.000000] BIOS-e820: [mem 0x00000000fffc0000-0x00000000ffffffff] reserved
[    0.000000] NX (Execute Disable) protection: active
[    0.000000] SMBIOS 2.5 present.
[    0.000000] Hypervisor detected: KVM
[    0.000000] e820: last_pfn = 0x3fff0 max_arch_pfn = 0x400000000
[    0.000000] MTRR: Disabled
[    0.000000] x86/PAT: MTRRs disabled, skipping PAT initialization too.
[    0.000000] CPU MTRRs all blank - virtualized system.
[    0.000000] x86/PAT: Configuration [0-7]: WB  WT  UC- UC  WB  WT  UC- UC  
[    0.000000] found SMP MP-table at [mem 0x0009fff0-0x0009ffff] mapped at [ffff88000009fff0]
[    0.000000] Scanning 1 areas for low memory corruption
[    0.000000] RAMDISK: [mem 0x362dc000-0x37165fff]
[    0.000000] ACPI: Early table checksum verification disabled
[    0.000000] ACPI: RSDP 0x00000000000E0000 000024 (v02 VBOX  )
[    0.000000] ACPI: XSDT 0x000000003FFF0030 00003C (v01 VBOX   VBOXXSDT 00000001 ASL  00000061)
[    0.000000] ACPI: FACP 0x000000003FFF00F0 0000F4 (v04 VBOX   VBOXFACP 00000001 ASL  00000061)
[    0.000000] ACPI: DSDT 0x000000003FFF0470 002325 (v02 VBOX   VBOXBIOS 00000002 INTL 20120111)
[    0.000000] ACPI: FACS 0x000000003FFF0200 000040
[    0.000000] ACPI: FACS 0x000000003FFF0200 000040
[    0.000000] ACPI: APIC 0x000000003FFF0240 00005C (v02 VBOX   VBOXAPIC 00000001 ASL  00000061)
[    0.000000] ACPI: SSDT 0x000000003FFF02A0 0001CC (v01 VBOX   VBOXCPUT 00000002 INTL 20120111)
[    0.000000] No NUMA configuration found
[    0.000000] Faking a node at [mem 0x0000000000000000-0x000000003ffeffff]
[    0.000000] NODE_DATA(0) allocated [mem 0x3ffeb000-0x3ffeffff]
[    0.000000] kvm-clock: Using msrs 4b564d01 and 4b564d00
[    0.000000] kvm-clock: cpu 0, msr 0:3ffe3001, primary cpu clock
[    0.000000] kvm-clock: using sched offset of 3691817062 cycles
[    0.000000] clocksource: kvm-clock: mask: 0xffffffffffffffff max_cycles: 0x1cd42e4dffb, max_idle_ns: 881590591483 ns
[    0.000000] Zone ranges:
[    0.000000]   DMA      [mem 0x0000000000001000-0x0000000000ffffff]
[    0.000000]   DMA32    [mem 0x0000000001000000-0x000000003ffeffff]
[    0.000000]   Normal   empty
[    0.000000]   Device   empty
[    0.000000] Movable zone start for each node
[    0.000000] Early memory node ranges
[    0.000000]   node   0: [mem 0x0000000000001000-0x000000000009efff]
[    0.000000]   node   0: [mem 0x0000000000100000-0x000000003ffeffff]
[    0.000000] Initmem setup node 0 [mem 0x0000000000001000-0x000000003ffeffff]
[    0.000000] ACPI: PM-Timer IO Port: 0x4008
[    0.000000] IOAPIC[0]: apic_id 2, version 32, address 0xfec00000, GSI 0-23
[    0.000000] ACPI: INT_SRC_OVR (bus 0 bus_irq 0 global_irq 2 dfl dfl)
[    0.000000] ACPI: INT_SRC_OVR (bus 0 bus_irq 9 global_irq 9 low level)
[    0.000000] Using ACPI (MADT) for SMP configuration information
[    0.000000] smpboot: Allowing 2 CPUs, 0 hotplug CPUs
[    0.000000] PM: Registered nosave memory: [mem 0x00000000-0x00000fff]
[    0.000000] PM: Registered nosave memory: [mem 0x0009f000-0x0009ffff]
[    0.000000] PM: Registered nosave memory: [mem 0x000a0000-0x000effff]
[    0.000000] PM: Registered nosave memory: [mem 0x000f0000-0x000fffff]
[    0.000000] e820: [mem 0x40000000-0xfebfffff] available for PCI devices
[    0.000000] Booting paravirtualized kernel on KVM
[    0.000000] clocksource: refined-jiffies: mask: 0xffffffff max_cycles: 0xffffffff, max_idle_ns: 7645519600211568 ns
[    0.000000] setup_percpu: NR_CPUS:512 nr_cpumask_bits:512 nr_cpu_ids:2 nr_node_ids:1
[    0.000000] PERCPU: Embedded 33 pages/cpu @ffff88003fc00000 s95192 r8192 d31784 u1048576
[    0.000000] Built 1 zonelists in Node order, mobility grouping on.  Total pages: 257912
[    0.000000] Policy zone: DMA32
[    0.000000] Kernel command line: BOOT_IMAGE=/boot/vmlinuz-4.4.0-210-generic root=LABEL=cloudimg-rootfs ro console=tty1 console=ttyS0
[    0.000000] PID hash table entries: 4096 (order: 3, 32768 bytes)
[    0.000000] Memory: 997792K/1048120K available (8644K kernel code, 1332K rwdata, 4044K rodata, 1492K init, 1164K bss, 50328K reserved, 0K cma-reserved)
[    0.000000] SLUB: HWalign=64, Order=0-3, MinObjects=0, CPUs=2, Nodes=1
[    0.000000] Kernel/User page tables isolation: enabled
[    0.000000] Hierarchical RCU implementation.
[    0.000000] 	Build-time adjustment of leaf fanout to 64.
[    0.000000] 	RCU restricting CPUs from NR_CPUS=512 to nr_cpu_ids=2.
[    0.000000] RCU: Adjusting geometry for rcu_fanout_leaf=64, nr_cpu_ids=2
[    0.000000] NR_IRQS:33024 nr_irqs:440 16
[    0.000000] Console: colour VGA+ 80x25
[    0.000000] console [tty1] enabled
[    0.000000] console [ttyS0] enabled
[    0.000000] tsc: Detected 2494.226 MHz processor
[    0.201384] Calibrating delay loop (skipped) preset value.. 4988.45 BogoMIPS (lpj=9976904)
[    0.203505] pid_max: default: 32768 minimum: 301
[    0.207148] ACPI: Core revision 20150930
[    0.209175] ACPI: 2 ACPI AML tables successfully acquired and loaded
[    0.210862] Security Framework initialized
[    0.211833] Yama: becoming mindful.
[    0.214642] AppArmor: AppArmor initialized
[    0.217264] Dentry cache hash table entries: 131072 (order: 8, 1048576 bytes)
[    0.220461] Inode-cache hash table entries: 65536 (order: 7, 524288 bytes)
[    0.222932] Mount-cache hash table entries: 2048 (order: 2, 16384 bytes)
[    0.226534] Mountpoint-cache hash table entries: 2048 (order: 2, 16384 bytes)
[    0.229291] Initializing cgroup subsys io
[    0.230282] Initializing cgroup subsys memory
[    0.231966] Initializing cgroup subsys devices
[    0.233718] Initializing cgroup subsys freezer
[    0.234847] Initializing cgroup subsys net_cls
[    0.236822] Initializing cgroup subsys perf_event
[    0.238011] Initializing cgroup subsys net_prio
[    0.239169] Initializing cgroup subsys hugetlb
[    0.242293] Initializing cgroup subsys pids
[    0.250722] mce: CPU supports 0 MCE banks
[    0.254200] Last level iTLB entries: 4KB 1024, 2MB 1024, 4MB 1024
[    0.257827] Last level dTLB entries: 4KB 1024, 2MB 1024, 4MB 1024, 1GB 4
[    0.259626] Spectre V1 : Mitigation: usercopy/swapgs barriers and __user pointer sanitization
[    0.263789] Spectre V2 : Mitigation: Full generic retpoline
[    0.265977] Spectre V2 : Spectre v2 / SpectreRSB mitigation: Filling RSB on context switch
[    0.268228] Speculative Store Bypass: Vulnerable
[    0.269374] SRBDS: Unknown: Dependent on hypervisor status
[    0.272284] MDS: Mitigation: Clear CPU buffers
[    0.278001] Freeing SMP alternatives memory: 36K
[    0.287330] ftrace: allocating 32380 entries in 127 pages
[    0.345632] smpboot: APIC(0) Converting physical 0 to logical package 0
[    0.347649] smpboot: Max logical packages: 1
[    0.349066] x2apic enabled
[    0.349996] Switched APIC routing to physical x2apic.
[    0.353701] ..TIMER: vector=0x30 apic1=0 pin1=2 apic2=-1 pin2=-1
[    0.463241] smpboot: CPU0: Intel(R) Core(TM) i7-4870HQ CPU @ 2.50GHz (family: 0x6, model: 0x46, stepping: 0x1)
[    0.466466] Performance Events: unsupported p6 CPU model 70 no PMU driver, software events only.
[    0.478208] KVM setup paravirtual spinlock
[    0.479921] x86: Booting SMP configuration:
[    0.480894] .... node  #0, CPUs:      #1
[    0.482120] kvm-clock: cpu 1, msr 0:3ffe3041, secondary cpu clock
[    0.490001] mce: CPU supports 0 MCE banks
[    0.493329] x86: Booted up 1 node, 2 CPUs
[    0.494461] smpboot: Total of 2 processors activated (9976.90 BogoMIPS)
[    0.496655] devtmpfs: initialized
[    0.498721] evm: security.selinux
[    0.499833] evm: security.SMACK64
[    0.500810] evm: security.SMACK64EXEC
[    0.501771] evm: security.SMACK64TRANSMUTE
[    0.502867] evm: security.SMACK64MMAP
[    0.504401] evm: security.ima
[    0.505363] evm: security.capability
[    0.506498] clocksource: jiffies: mask: 0xffffffff max_cycles: 0xffffffff, max_idle_ns: 7645041785100000 ns
[    0.509344] futex hash table entries: 512 (order: 3, 32768 bytes)
[    0.510985] pinctrl core: initialized pinctrl subsystem
[    0.512302] RTC time: 10:24:26, date: 10/04/21
[    0.513515] NET: Registered protocol family 16
[    0.524234] cpuidle: using governor ladder
[    0.536150] cpuidle: using governor menu
[    0.538023] PCCT header not found.
[    0.539188] ACPI: bus type PCI registered
[    0.540465] acpiphp: ACPI Hot Plug PCI Controller Driver version: 0.5
[    0.542265] PCI: Using configuration type 1 for base access
[    0.557587] ACPI: Added _OSI(Module Device)
[    0.558933] ACPI: Added _OSI(Processor Device)
[    0.560330] ACPI: Added _OSI(3.0 _SCP Extensions)
[    0.561628] ACPI: Added _OSI(Processor Aggregator Device)
[    0.563793] ACPI: Executed 1 blocks of module-level executable AML code
[    0.567170] ACPI: Interpreter enabled
[    0.568126] ACPI: (supports S0 S5)
[    0.568952] ACPI: Using IOAPIC for interrupt routing
[    0.570479] PCI: Using host bridge windows from ACPI; if necessary, use "pci=nocrs" and report a bug
[    0.576872] ACPI: PCI Root Bridge [PCI0] (domain 0000 [bus 00-ff])
[    0.578207] acpi PNP0A03:00: _OSC: OS supports [ASPM ClockPM Segments MSI]
[    0.579941] acpi PNP0A03:00: _OSC: not requesting OS control; OS requires [ExtendedConfig ASPM ClockPM MSI]
[    0.582307] acpi PNP0A03:00: fail to add MMCONFIG information, can't access extended PCI configuration space under this bridge.
[    0.585612] PCI host bridge to bus 0000:00
[    0.586592] pci_bus 0000:00: root bus resource [io  0x0000-0x0cf7 window]
[    0.588133] pci_bus 0000:00: root bus resource [io  0x0d00-0xffff window]
[    0.589712] pci_bus 0000:00: root bus resource [mem 0x000a0000-0x000bffff window]
[    0.591501] pci_bus 0000:00: root bus resource [mem 0x40000000-0xfdffffff window]
[    0.593204] pci_bus 0000:00: root bus resource [bus 00-ff]
[    0.596898] pci 0000:00:01.1: legacy IDE quirk: reg 0x10: [io  0x01f0-0x01f7]
[    0.598897] pci 0000:00:01.1: legacy IDE quirk: reg 0x14: [io  0x03f6]
[    0.600344] pci 0000:00:01.1: legacy IDE quirk: reg 0x18: [io  0x0170-0x0177]
[    0.609993] pci 0000:00:01.1: legacy IDE quirk: reg 0x1c: [io  0x0376]
[    0.626854] pci 0000:00:07.0: quirk: [io  0x4000-0x403f] claimed by PIIX4 ACPI
[    0.628692] pci 0000:00:07.0: quirk: [io  0x4100-0x410f] claimed by PIIX4 SMB
[    0.639653] ACPI: PCI Interrupt Link [LNKA] (IRQs 5 9 10 *11)
[    0.641717] ACPI: PCI Interrupt Link [LNKB] (IRQs 5 9 *10 11)
[    0.644404] ACPI: PCI Interrupt Link [LNKC] (IRQs 5 *9 10 11)
[    0.646218] ACPI: PCI Interrupt Link [LNKD] (IRQs 5 9 10 *11)
[    0.648096] ACPI: Enabled 2 GPEs in block 00 to 07
[    0.649814] vgaarb: setting as boot device: PCI:0000:00:02.0
[    0.651480] vgaarb: device added: PCI:0000:00:02.0,decodes=io+mem,owns=io+mem,locks=none
[    0.653530] vgaarb: loaded
[    0.654382] vgaarb: bridge control possible 0000:00:02.0
[    0.655767] SCSI subsystem initialized
[    0.657028] ACPI: bus type USB registered
[    0.658002] usbcore: registered new interface driver usbfs
[    0.659222] usbcore: registered new interface driver hub
[    0.660563] usbcore: registered new device driver usb
[    0.663791] PCI: Using ACPI for IRQ routing
[    0.665193] NetLabel: Initializing
[    0.666186] NetLabel:  domain hash size = 128
[    0.667213] NetLabel:  protocols = UNLABELED CIPSOv4
[    0.668336] NetLabel:  unlabeled traffic allowed by default
[    0.669903] amd_nb: Cannot enumerate AMD northbridges
[    0.671234] clocksource: Switched to clocksource kvm-clock
[    0.680236] AppArmor: AppArmor Filesystem Enabled
[    0.681507] pnp: PnP ACPI init
[    0.683591] pnp: PnP ACPI: found 3 devices
[    0.693741] clocksource: acpi_pm: mask: 0xffffff max_cycles: 0xffffff, max_idle_ns: 2085701024 ns
[    0.695789] NET: Registered protocol family 2
[    0.696940] TCP established hash table entries: 8192 (order: 4, 65536 bytes)
[    0.698648] TCP bind hash table entries: 8192 (order: 5, 131072 bytes)
[    0.700416] TCP: Hash tables configured (established 8192 bind 8192)
[    0.701878] UDP hash table entries: 512 (order: 2, 16384 bytes)
[    0.703195] UDP-Lite hash table entries: 512 (order: 2, 16384 bytes)
[    0.704656] NET: Registered protocol family 1
[    0.705755] pci 0000:00:00.0: Limiting direct PCI/PCI transfers
[    0.707088] pci 0000:00:01.0: Activating ISA DMA hang workarounds
[    0.708694] Unpacking initramfs...
[    0.925299] Freeing initrd memory: 14888K
[    0.926632] clocksource: tsc: mask: 0xffffffffffffffff max_cycles: 0x23f3eb3743e, max_idle_ns: 440795257847 ns
[    0.929541] platform rtc_cmos: registered platform RTC device (no PNP device found)
[    0.931742] Scanning for low memory corruption every 60 seconds
[    0.933912] audit: initializing netlink subsys (disabled)
[    0.935265] audit: type=2000 audit(1633343071.414:1): initialized
[    0.937796] Initialise system trusted keyring
[    0.939066] HugeTLB registered 2 MB page size, pre-allocated 0 pages
[    0.942072] zbud: loaded
[    0.943422] VFS: Disk quotas dquot_6.6.0
[    0.944761] VFS: Dquot-cache hash table entries: 512 (order 0, 4096 bytes)
[    0.946621] squashfs: version 4.0 (2009/01/31) Phillip Lougher
[    0.948591] fuse init (API version 7.23)
[    0.949836] Key type big_key registered
[    0.950812] Allocating IMA MOK and blacklist keyrings.
[    0.953712] Key type asymmetric registered
[    0.954810] Asymmetric key parser 'x509' registered
[    0.956371] Block layer SCSI generic (bsg) driver version 0.4 loaded (major 249)
[    0.959466] io scheduler noop registered
[    0.960878] io scheduler deadline registered (default)
[    0.962922] io scheduler cfq registered
[    0.964128] pci_hotplug: PCI Hot Plug PCI Core version: 0.5
[    0.966202] pciehp: PCI Express Hot Plug Controller Driver version: 0.4
[    0.968119] ACPI: AC Adapter [AC] (on-line)
[    0.969666] input: Power Button as /devices/LNXSYSTM:00/LNXPWRBN:00/input/input0
[    0.971708] ACPI: Power Button [PWRF]
[    0.972755] input: Sleep Button as /devices/LNXSYSTM:00/LNXSLPBN:00/input/input1
[    0.974707] ACPI: Sleep Button [SLPF]
[    0.975972] GHES: HEST is not enabled!
[    0.977756] ACPI: Battery Slot [BAT0] (battery present)
[    0.979078] Serial: 8250/16550 driver, 32 ports, IRQ sharing enabled
[    1.001621] 00:02: ttyS0 at I/O 0x3f8 (irq = 4, base_baud = 115200) is a 16550A
[    1.006556] Linux agpgart interface v0.103
[    1.009040] loop: module loaded
[    1.010361] scsi host0: ata_piix
[    1.011371] scsi host1: ata_piix
[    1.012226] ata1: PATA max UDMA/33 cmd 0x1f0 ctl 0x3f6 bmdma 0xd000 irq 14
[    1.013945] ata2: PATA max UDMA/33 cmd 0x170 ctl 0x376 bmdma 0xd008 irq 15
[    1.016238] libphy: Fixed MDIO Bus: probed
[    1.017623] tun: Universal TUN/TAP device driver, 1.6
[    1.019067] tun: (C) 1999-2004 Max Krasnyansky <maxk@qualcomm.com>
[    1.020716] PPP generic driver version 2.4.2
[    1.022448] ehci_hcd: USB 2.0 'Enhanced' Host Controller (EHCI) Driver
[    1.024911] ehci-pci: EHCI PCI platform driver
[    1.027118] ehci-platform: EHCI generic platform driver
[    1.029581] ohci_hcd: USB 1.1 'Open' Host Controller (OHCI) Driver
[    1.031210] ohci-pci: OHCI PCI platform driver
[    1.033008] ohci-platform: OHCI generic platform driver
[    1.034546] uhci_hcd: USB Universal Host Controller Interface driver
[    1.036271] i8042: PNP: PS/2 Controller [PNP0303:PS2K,PNP0f03:PS2M] at 0x60,0x64 irq 1,12
[    1.038894] serio: i8042 KBD port at 0x60,0x64 irq 1
[    1.040826] serio: i8042 AUX port at 0x60,0x64 irq 12
[    1.043092] mousedev: PS/2 mouse device common for all mice
[    1.045646] input: AT Translated Set 2 keyboard as /devices/platform/i8042/serio0/input/input2
[    1.048712] rtc_cmos rtc_cmos: rtc core: registered rtc_cmos as rtc0
[    1.050466] rtc_cmos rtc_cmos: alarms up to one day, 114 bytes nvram
[    1.052043] i2c /dev entries driver
[    1.053186] device-mapper: uevent: version 1.0.3
[    1.054663] device-mapper: ioctl: 4.34.0-ioctl (2015-10-28) initialised: dm-devel@redhat.com
[    1.058893] ledtrig-cpu: registered to indicate activity on CPUs
[    1.060810] NET: Registered protocol family 10
[    1.062159] NET: Registered protocol family 17
[    1.063439] Key type dns_resolver registered
[    1.066241] registered taskstats version 1
[    1.067753] Loading compiled-in X.509 certificates
[    1.069826] Loaded X.509 cert 'Build time autogenerated kernel key: cf00e047681d67edb2720680708b7d9498083038'
[    1.074118] zswap: loaded using pool lzo/zbud
[    1.078172] Key type trusted registered
[    1.082487] Key type encrypted registered
[    1.083637] AppArmor: AppArmor sha1 policy hashing enabled
[    1.085213] ima: No TPM chip found, activating TPM-bypass!
[    1.086547] ima: Allocated hash algorithm: sha1
[    1.087694] evm: HMAC attrs: 0x1
[    1.089116]   Magic number: 9:757:425
[    1.090389] rtc_cmos rtc_cmos: setting system clock to 2021-10-04 10:24:26 UTC (1633343066)
[    1.093422] BIOS EDD facility v0.16 2004-Jun-25, 0 devices found
[    1.094857] EDD information not available.
[    1.196032] Freeing unused kernel memory: 1492K
[    1.197157] Write protecting the kernel read-only data: 14336k
[    1.199385] Freeing unused kernel memory: 1584K
[    1.200613] Freeing unused kernel memory: 52K
Loading, please wait...
starting version 229
[    1.215209] random: systemd-udevd: uninitialized urandom read (16 bytes read, 2 bits of entropy available)
[    1.215708] random: udevadm: uninitialized urandom read (16 bytes read, 2 bits of entropy available)
[    1.215729] random: udevadm: uninitialized urandom read (16 bytes read, 2 bits of entropy available)
[    1.222752] random: systemd-udevd: uninitialized urandom read (16 bytes read, 2 bits of entropy available)
[    1.223696] random: udevadm: uninitialized urandom read (16 bytes read, 2 bits of entropy available)
[    1.223746] random: udevadm: uninitialized urandom read (16 bytes read, 2 bits of entropy available)
[    1.223876] random: udevadm: uninitialized urandom read (16 bytes read, 2 bits of entropy available)
[    1.223927] random: udevadm: uninitialized urandom read (16 bytes read, 2 bits of entropy available)
[    1.224012] random: udevadm: uninitialized urandom read (16 bytes read, 2 bits of entropy available)
[    1.224071] random: udevadm: uninitialized urandom read (16 bytes read, 2 bits of entropy available)
[    1.271810] e1000: Intel(R) PRO/1000 Network Driver - version 7.3.21-k8-NAPI
[    1.275581] e1000: Copyright (c) 1999-2006 Intel Corporation.
[    1.277242] Fusion MPT base driver 3.04.20
[    1.278599] Copyright (c) 1999-2008 LSI Corporation
[    1.288380] Fusion MPT SPI Host driver 3.04.20
[    1.305853] AVX2 version of gcm_enc/dec engaged.
[    1.307182] AES CTR mode by8 optimization enabled
[    1.493990] input: ImExPS/2 Generic Explorer Mouse as /devices/platform/i8042/serio1/input/input4
[    1.932902] e1000 0000:00:03.0 eth0: (PCI:33MHz:32-bit) 02:a0:46:b5:71:eb
[    1.935762] e1000 0000:00:03.0 eth0: Intel(R) PRO/1000 Network Connection
[    2.920816] e1000 0000:00:08.0 eth1: (PCI:33MHz:32-bit) 08:00:27:9a:b8:02
[    2.923126] e1000 0000:00:08.0 eth1: Intel(R) PRO/1000 Network Connection
[    2.926413] e1000 0000:00:03.0 enp0s3: renamed from eth0
[    2.928149] mptbase: ioc0: Initiating bringup
[    2.947913] e1000 0000:00:08.0 enp0s8: renamed from eth1
[    3.074857] ioc0: LSI53C1030 A0: Capabilities={Initiator}
[    3.238709] scsi host2: ioc0: LSI53C1030 A0, FwRev=00000000h, Ports=1, MaxQ=256, IRQ=20
[    3.352850] scsi 2:0:0:0: Direct-Access     VBOX     HARDDISK         1.0  PQ: 0 ANSI: 5
[    3.356948] scsi target2:0:0: Beginning Domain Validation
[    3.360196] scsi target2:0:0: Domain Validation skipping write tests
[    3.361932] scsi target2:0:0: Ending Domain Validation
[    3.363648] scsi target2:0:0: asynchronous
[    3.365203] scsi 2:0:1:0: Direct-Access     VBOX     HARDDISK         1.0  PQ: 0 ANSI: 5
[    3.375713] scsi target2:0:1: Beginning Domain Validation
[    3.379364] scsi target2:0:1: Domain Validation skipping write tests
[    3.380909] scsi target2:0:1: Ending Domain Validation
[    3.382313] scsi target2:0:1: asynchronous
[    3.390672] sd 2:0:0:0: Attached scsi generic sg0 type 0
[    3.392550] sd 2:0:0:0: [sda] 83886080 512-byte logical blocks: (42.9 GB/40.0 GiB)
[    3.392579] sd 2:0:1:0: Attached scsi generic sg1 type 0
[    3.395629] sd 2:0:1:0: [sdb] 20480 512-byte logical blocks: (10.5 MB/10.0 MiB)
[    3.395922] sd 2:0:1:0: [sdb] Write Protect is off
[    3.396082] sd 2:0:1:0: [sdb] Incomplete mode parameter data
[    3.396084] sd 2:0:1:0: [sdb] Assuming drive cache: write through
[    3.398492] sd 2:0:1:0: [sdb] Attached SCSI disk
[    3.405550] sd 2:0:0:0: [sda] Write Protect is off
[    3.407028] sd 2:0:0:0: [sda] Incomplete mode parameter data
[    3.409479] sd 2:0:0:0: [sda] Assuming drive cache: write through
[    3.412449]  sda: sda1
[    3.414445] sd 2:0:0:0: [sda] Attached SCSI disk
Begin: Loading essential drivers ... [    4.693510] md: linear personality registered for level -1
[    4.697653] md: multipath personality registered for level -4
[    4.701493] md: raid0 personality registered for level 0
[    4.706166] md: raid1 personality registered for level 1
[    4.775290] raid6: sse2x1   gen() 10489 MB/s
[    4.843307] raid6: sse2x1   xor()  8045 MB/s
[    4.913662] raid6: sse2x2   gen() 13726 MB/s
[    4.979379] raid6: sse2x2   xor()  8909 MB/s
[    5.047355] raid6: sse2x4   gen() 15263 MB/s
[    5.115307] raid6: sse2x4   xor() 10596 MB/s
[    5.187480] raid6: avx2x1   gen() 21332 MB/s
[    5.255291] raid6: avx2x2   gen() 21086 MB/s
[    5.323291] raid6: avx2x4   gen() 20527 MB/s
[    5.324821] raid6: using algorithm avx2x1 gen() 21332 MB/s
[    5.326173] raid6: using avx2x2 recovery algorithm
[    5.328929] xor: automatically using best checksumming function:
[    5.367322]    avx       : 28064.000 MB/sec
[    5.369514] async_tx: api initialized (async)
[    5.380064] md: raid6 personality registered for level 6
[    5.381552] md: raid5 personality registered for level 5
[    5.383030] md: raid4 personality registered for level 4
[    5.391224] md: raid10 personality registered for level 10
done.
Begin: Running /scripts/init-premount ... done.
Begin: Mounting root file system ... Begin: Running /scripts/local-top ... done.
Begin: Running /scripts/local-premount ... [    5.423400] Btrfs loaded
Scanning for Btrfs filesystems
done.
Warning: fsck not present, so skipping root file system
[    5.445699] EXT4-fs (sda1): mounted filesystem with ordered data mode. Opts: (null)
done.
Begin: Running /scripts/local-bottom ... done.
Begin: Running /scripts/init-bottom ... done.
[    5.508161] systemd[1]: systemd 229 running in system mode. (+PAM +AUDIT +SELINUX +IMA +APPARMOR +SMACK +SYSVINIT +UTMP +LIBCRYPTSETUP +GCRYPT +GNUTLS +ACL +XZ -LZ4 +SECCOMP +BLKID +ELFUTILS +KMOD -IDN)
[    5.512211] systemd[1]: Detected virtualization oracle.
[    5.513547] systemd[1]: Detected architecture x86-64.

Welcome to [1mUbuntu 16.04.7 LTS[0m!

[    5.524485] systemd[1]: Set hostname to <ubuntu>.
[    5.527716] systemd[1]: Initializing machine ID from random generator.
[    5.529509] systemd[1]: Installed transient /etc/machine-id file.
[    5.636353] systemd[1]: Created slice System Slice.
[[0;32m  OK  [0m] Created slice System Slice.
[    5.638664] systemd[1]: Listening on Syslog Socket.
[[0;32m  OK  [0m] Listening on Syslog Socket.
[    5.640958] systemd[1]: Set up automount Arbitrary Executable File Formats File System Automount Point.
[[0;32m  OK  [0m] Set up automount Arbitrary Executab...ats File System Automount Point.
[    5.644606] systemd[1]: Listening on Journal Socket (/dev/log).
[[0;32m  OK  [0m] Listening on Journal Socket (/dev/log).
[    5.647443] systemd[1]: Created slice system-serial\x2dgetty.slice.
[[0;32m  OK  [0m] Created slice system-serial\x2dgetty.slice.
[    5.650318] systemd[1]: Listening on /dev/initctl Compatibility Named Pipe.
[[0;32m  OK  [0m] Listening on /dev/initctl Compatibility Named Pipe.
[    5.660346] systemd[1]: Started Forward Password Requests to Wall Directory Watch.
[[0;32m  OK  [0m] Started Forward Password Requests to Wall Directory Watch.
[    5.672151] systemd[1]: Listening on udev Kernel Socket.
[[0;32m  OK  [0m] Listening on udev Kernel Socket.
[    5.676432] systemd[1]: Started Trigger resolvconf update for networkd DNS.
[[0;32m  OK  [0m] Started Trigger resolvconf update for networkd DNS.
[    5.680069] systemd[1]: Listening on Device-mapper event daemon FIFOs.
[[0;32m  OK  [0m] Listening on Device-mapper event daemon FIFOs.
[    5.682719] systemd[1]: Reached target User and Group Name Lookups.
[[0;32m  OK  [0m] Reached target User and Group Name Lookups.
[    5.685315] systemd[1]: Listening on LVM2 metadata daemon socket.
[[0;32m  OK  [0m] Listening on LVM2 metadata daemon socket.
[    5.687494] systemd[1]: Listening on udev Control Socket.
[[0;32m  OK  [0m] Listening on udev Control Socket.
[    5.696047] systemd[1]: Listening on LVM2 poll daemon socket.
[[0;32m  OK  [0m] Listening on LVM2 poll daemon socket.
[    5.699400] systemd[1]: Reached target Swap.
[[0;32m  OK  [0m] Reached target Swap.
[    5.708425] systemd[1]: Listening on Journal Audit Socket.
[[0;32m  OK  [0m] Listening on Journal Audit Socket.
[    5.720478] systemd[1]: Created slice User and Session Slice.
[[0;32m  OK  [0m] Created slice User and Session Slice.
[    5.724752] systemd[1]: Reached target Slices.
[[0;32m  OK  [0m] Reached target Slices.
[    5.727118] systemd[1]: Reached target Encrypted Volumes.
[[0;32m  OK  [0m] Reached target Encrypted Volumes.
[    5.729888] systemd[1]: Reached target System Time Synchronized.
[[0;32m  OK  [0m] Reached target System Time Synchronized.
[    5.732603] systemd[1]: Listening on Journal Socket.
[[0;32m  OK  [0m] Listening on Journal Socket.
[    5.748039] systemd[1]: Starting Set console keymap...
         Starting Set console keymap...
[    5.760004] systemd[1]: Starting Uncomplicated firewall...
         Starting Uncomplicated firewall...
[    5.768017] systemd[1]: Starting Create list of required static device nodes for the current kernel...
         Starting Create list of required st... nodes for the current kernel...
[    5.772587] systemd[1]: Starting Monitoring of LVM2 mirrors, snapshots etc. using dmeventd or progress polling...
         Starting Monitoring of LVM2 mirrors... dmeventd or progress polling...
[    5.778792] systemd[1]: Starting Nameserver information manager...
         Starting Nameserver information manager...
[    5.783359] systemd[1]: Mounting Huge Pages File System...
         Mounting Huge Pages File System...
[    5.794081] systemd[1]: Starting Journal Service...
         Starting Journal Service...
[    5.798105] systemd[1]: Mounting POSIX Message Queue File System...
         Mounting POSIX Message Queue File System...
[    5.802304] systemd[1]: Starting Load Kernel Modules...
         Starting Load Kernel Modules...
[    5.812169] systemd[1]: Mounting Debug File System...
[    5.814044] Loading iSCSI transport class v2.0-870.
         Mounting Debug File System...
[    5.822171] iscsi: registered transport (tcp)
[    5.823561] systemd[1]: Listening on fsck to fsckd communication Socket.
[[0;32m  OK  [0m] Listening on fsck to fsckd communication Socket.
[    5.827784] systemd[1]: Starting File System Check on Root Device...
         Starting File System Check on Root Device...
[    5.837165] systemd[1]: Mounted POSIX Message Queue File System.
[[0;32m  OK  [0m] Mounted POSIX Message Queue File System.
[    5.839938] systemd[1]: Mounted Huge Pages File System.
[[0;32m  OK  [0m] Mounted Huge Pages File System.
[    5.842641] systemd[1]: Mounted Debug File System.
[[0;32m  OK  [0m] Mounted Debug File System.
[    5.847607] systemd[1]: Started Journal Service.
[[0;32m  OK  [0m] Started Journal Service.
[[0;32m  OK  [0m] Started Set console keymap.
[    5.853259] iscsi: registered transport (iser)
[[0;32m  OK  [0m] Started Uncomplicated firewall.
[[0;32m  OK  [0m] Started Create list of required sta...ce nodes for the current kernel.
[[0;32m  OK  [0m] Started Load Kernel Modules.
[[0;32m  OK  [0m] Started File System Check on Root Device.
[[0;32m  OK  [0m] Started Nameserver information manager.
[[0;32m  OK  [0m] Started File System Check Daemon to report status.
[[0;32m  OK  [0m] Started LVM2 metadata daemon.
         Starting Remount Root and Kernel File Systems...
         Mounting FUSE Control File System...
         Starting Apply Kernel Variables...
         Starting Create Static Device Nodes in /dev...
[[0;32m  OK  [0m] Mounted FUSE Control File System.
[    5.898935] EXT4-fs (sda1): re-mounted. Opts: (null)
[[0;32m  OK  [0m] Started Remount Root and Kernel File Systems.
         Starting Load/Save Random Seed...
         Starting udev Coldplug all Devices...
         Starting Flush Journal to Persistent Storage...
[[0;32m  OK  [0m] Started Apply Kernel Variables.
[[0;32m  OK  [0m] Started Load/Save Random Seed.
[[0;32m  OK  [0m] Started Create Static Device Nodes in /dev.
         Starting udev Kernel Device Manager...
[[0;32m  OK  [0m] Started Flush Journal to Persistent Storage.
[[0;32m  OK  [0m] Started udev Kernel Device Manager.
[[0;32m  OK  [0m] Started udev Coldplug all Devices.
[[0;32m  OK  [0m] Started Dispatch Password Requests to Console Directory Watch.
[[0;32m  OK  [0m] Started Monitoring of LVM2 mirrors,...ng dmeventd or progress polling.
[[0;32m  OK  [0m] Reached target Local File Systems (Pre).
[[0;32m  OK  [0m] Reached target Local File Systems.
         Starting LSB: AppArmor initialization...
         Starting Initial cloud-init job (pre-networking)...
         Starting Set console font and keymap...
         Starting Tell Plymouth To Write Out Runtime Data...
         Starting Commit a transient machine-id on disk...
         Starting Create Volatile Files and Directories...
[[0;32m  OK  [0m] Started Tell Plymouth To Write Out Runtime Data.
[[0;32m  OK  [0m] Started Create Volatile Files and Directories.
         Starting Update UTMP about System Boot/Shutdown...
[[0;32m  OK  [0m] Started Update UTMP about System Boot/Shutdown.
[[0;32m  OK  [0m] Started Commit a transient machine-id on disk.
[[0;32m  OK  [0m] Found device /dev/ttyS0.
[[0;32m  OK  [0m] Listening on Load/Save RF Kill Switch Status /dev/rfkill Watch.
[[0;32m  OK  [0m] Started LSB: AppArmor initialization.
[    7.152535]          cloud-initStarting Load AppArmor profiles managed internally by snapd...[494]: 
Cloud-init v. 21.1-19-gbad84ad4-0ubuntu1~16.04.2 running 'init-local' at Mon, 04 Oct 2021 10:24:32 +0000. Up 6.68 seconds.
[[0;32m  OK  [0m] Started Load AppArmor profiles managed internally by snapd.
[[0;32m  OK  [0m] Started Initial cloud-init job (pre-networking).
[[0;32m  OK  [0m] Started Set console font and keymap.
[[0;32m  OK  [0m] Created slice system-getty.slice.
[[0;32m  OK  [0m] Reached target Network (Pre).
         Starting Raise network interfaces...
[[0;32m  OK  [0m] Started Raise network interfaces.
         Starting Initial cloud-init job (metadata service crawler)...
[[0;32m  OK  [0m] Reached target Network.
[    8.151106] cloud-init[962]: Cloud-init v. 21.1-19-gbad84ad4-0ubuntu1~16.04.2 running 'init' at Mon, 04 Oct 2021 10:24:33 +0000. Up 7.71 seconds.
[    8.153849] cloud-init[962]: ci-info: ++++++++++++++++++++++++++++++++++++++Net device info+++++++++++++++++++++++++++++++++++++++
[    8.155747] cloud-init[962]: ci-info: +--------+-------+----------------------------+---------------+--------+-------------------+
[    8.164536] cloud-init[962]: ci-info: | Device |   Up  |          Address           |      Mask     | Scope  |     Hw-Address    |
[    8.166313] cloud-init[962]: ci-info: +--------+-------+----------------------------+---------------+--------+-------------------+
[    8.168269] cloud-init[962]: ci-info: | enp0s3 |  True |         10.0.2.15          | 255.255.255.0 | global | 02:a0:46:b5:71:eb |
[    8.170359] cloud-init[962]: ci-info: | enp0s3 |  True | fe80::a0:46ff:feb5:71eb/64 |       .       |  link  | 02:a0:46:b5:71:eb |
[    8.176445] cloud-init[962]: ci-info: | enp0s8 | False |             .              |       .       |   .    | 08:00:27:9a:b8:02 |
[    8.184612] cloud-init[962]: ci-info: |   lo   |  True |         127.0.0.1          |   255.0.0.0   |  host  |         .         |
[    8.186473] cloud-init[962]: ci-info: |   lo   |  True |          ::1/128           |       .       |  host  |         .         |
[    8.188625] cloud-init[962]: ci-info: +--------+-------+----------------------------+---------------+--------+-------------------+
[    8.196364] cloud-init[962]: ci-info: +++++++++++++++++++++++++++Route IPv4 info++++++++++++++++++++++++++++
[    8.198200] cloud-init[962]: ci-info: +-------+-------------+----------+---------------+-----------+-------+
[    8.204398] cloud-init[962]: ci-info: | Route | Destination | Gateway  |    Genmask    | Interface | Flags |
[    8.212460] cloud-init[962]: ci-info: +-------+-------------+----------+---------------+-----------+-------+
[[0;32m  OK  [0m] Started Initial cloud-init job (metadata service crawler).
[    8.224361] cloud-init[962]: ci-info: |   0   |   0.0.0.0   | 10.0.2.2 |    0.0.0.0    |   enp0s3  |   UG  |
[    8.226698] [[0;32m  OK  [0m] Reached target Network is Online.
cloud-init[962]: ci-info: |   1   |   10.0.2.0  | 0.0.0.0  | 255.255.255.0 |   enp0s3  |   U   |
[    8.229212] cloud-init[962]: ci-info: +-------+-------------+----------+---------------+-----------+-------+
[    8.230924] cloud-init[962]: ci-info: +++++++++++++++++++Route IPv6 info+++++++++++++++++++
[    8.232282] cloud-init[962]: ci-info: +-------+-------------+---------+-----------+-------+
[    8.233597] cloud-init[962]: ci-info: | Route | Destination | Gateway | Interface | Flags |
[    8.235641] cloud-init         Starting iSCSI initiator daemon (iscsid)...
[[0;32m  OK  [0m] Reached target Cloud-config availability.
[[0;32m  OK  [0m] Reached target System Initialization.
         Starting Socket activation for snappy daemon.
[962]: ci-info: +-------+-------------+---------+-----------+-------+
[    8.240290] [[0;32m  OK  [0m] Listening on ACPID Listen Socket.
[[0;32m  OK  [0m] Started Daily Cleanup of Temporary Directories.
[[0;32m  OK  [0m] Started Ubuntu Advantage update messaging.
cloud-init         Starting LXD - unix socket.
[[0;32m  OK  [0m] Listening on UUID daemon activation socket.
[[0;32m  OK  [0m] Listening on D-Bus System Message Bus Socket.
[[0;32m  OK  [0m] Started Message of the Day.
[[0;32m  OK  [0m] Started Daily apt download activities.
[[0;32m  OK  [0m] Started Daily apt upgrade and clean activities.
[[0;32m  OK  [0m] Reached target Timers.
[962]: ci-info: |   0   |  fe80::/64  |    ::   |   enp0s3  |   U   |
[    8.249222] cloud-init[962]: ci-info: |   3   |   ff00::/8  |    ::   |   enp0s3  |   U   |
[    8.250753] cloud-init[962]: ci-info: +-------+-------------+---------+-----------+-------+
[    8.252624] cloud-init[962]: Generating public/private rsa key pair.
[    8.252897] cloud-init[962]: Your identification has been saved in /etc/ssh/ssh_host_rsa_key.
[    8.254218] cloud-init[962]: Your public key has been saved in /etc/ssh/ssh_host_rsa_key.pub.
[    8.255762] cloud-init[962]: The key fingerprint is:
[    8.256839] cloud-init[962]: SHA256:ZG30bAfPqZSIJ0dP34tYUGoTWjaP4PEq7onOcAGXLE0 root@ubuntu-xenial
[    8.257303] cloud-init[962]: The key's randomart image is:
[    8.257343] cloud-init[962]: +---[RSA 2048]----+
[    8.257376] cloud-init[962]: |     E   oo*+.   |
[    8.258378] cloud-init[962]: |    + . .=B*B* o |
[    8.258864] cloud-init[962]: |   o =  =o**Bo* .|
[    8.260159] cloud-init[962]: |    +  o =oo+o. .|
[    8.263938] cloud-init[962]: |     . .S. ... . |
[    8.264293] cloud-init[962]: |      o .        |
[    8.264892] cloud-init[962]: |   . . .         |
[    8.265992] cloud-init[962]: |    + o .        |
[    8.267372] cloud-init[962]: |    .+ o         |
[    8.267449] cloud-init[962]: +----[SHA256]-----+
[    8.267695] cloud-init[962]: Generating public/private dsa key pair.
[    8.268753] cloud-init[962]: Your identification has been saved in /etc/ssh/ssh_host_dsa_key.
[    8.269869] cloud-init[962]: Your public key has been saved in /etc/ssh/ssh_host_dsa_key.pub.
[    8.271597] cloud-init[962]: The key fingerprint is:
[    8.273066] cloud-init[962]: SHA256:Ew+A41/Awb4FZHp3xaevcOzJgdH53t6H1xhR80NJmpw root@ubuntu-xenial
[    8.274123] cloud-init[962]: The key's randomart image is:
[    8.274672] cloud-init[[962]: +---[DSA 1024]----+
[    8.276622] cloud-init[962]: |     ==.   .. ...|
[    8.277023] cloud-init[962]: |    oo=.   .o =+.|
[    8.278191] cloud-init[962]: |   ..o.o+ .. E..o|
[    8.279310] cloud-init[962]: |    ....o=. + ...|
[    8.279610] cloud-init[962]: |     . +S .+ o ..|
[    8.280758] cloud-init[962]: |      o  .o + +  |
[    8.281878] cloud-init[962]: |           = = =.|
[    8.282249] cloud-init[962]: |            = + *|
[    8.283328] cloud-init[962]: |               o+|
[    8.284271] cloud-init[962]: +----[SHA256]-----+
[    8.285005] cloud-init[962]: Generating public/private ecdsa key pair.
[    8.285668] cloud-init[962]: Your identification has been saved in /etc/ssh/ssh_host_ecdsa_key.
[    8.288277] cloud-init[962]: Your public key has been saved in /etc/ssh/ssh_host_ecdsa_key.pub.
[    8.288342] cloud-init[962]: The key fingerprint is:
[    8.289390] cloud-init[962]: SHA256:ktY96yTZoHAID0tVhgH/hGcClmu8nYCngGqnl3HyfBo root@ubuntu-xenial
[    8.290346] cloud-init[962]: The key's randomart image is:
[    8.291601] cloud-init[962]: +---[ECDSA 256]---+
[    8.292203] cloud-init[962]: |  +oo+o          |
[    8.292963] cloud-init[962]: | ..+.o           |
[    8.293637] cloud-init[962]: |.o+.+ +          |
[    8.293950] cloud-init[962]: |+.*= B o .       |
[    8.294053] cloud-init[962]: |o+.++.* S o      |
[    8.294768] cloud-init[962]: |o..+o= o + o     |
[    8.294843] cloud-init[962]: |. o BE. o +      |
[    8.295879] cloud-init[962]: | . o o.. +       |
[    8.296455] cloud-init[962]: |  .  .o   .      |
[    8.297207] cloud-init[962]: +----[SHA256]-----+
[    8.297264] cloud-init[962]: Generating public/private ed25519 key pair.
[    8.298097] cloud-init[962]: Your identification has been saved in /etc/ssh/ssh_host_ed25519_key.
[    8.298733] cloud-init[962]: Your public key has been saved in /etc/ssh/ssh_host_ed25519_key.pub.
[    8.299582] [0;32m  OK  [0m] Started ACPI Events Check.
[[0;32m  OK  [0m] Reached target Paths.
[[0;32m  OK  [0m] Listening on Socket activation for snappy daemon.
[cloud-init[962]: The key fingerprint is:
[    8.304581] cloud-init[962]: SHA256:VIYB1K0WLYBVCB4YbKl8uy5f52icQBlr2vvKqOFt01g root@ubuntu-xenial
[    8.305039] cloud-init[962]: The key's randomart image is:
[    8.305480] cloud-init[962]: +--[ED25519 256]--+
[    8.305526] cloud-init[962]: | ..+o==*o=o      |
[    8.306951] cloud-init[962]: |  =o... =oo      |[0;32m  OK  [0m] Listening on LXD - unix socket.
[[0;32m  OK  [0m] Reached target Sockets.
[[0;32m  OK  [0m] Reached target Basic System.

         Starting Pollinate to seed the pseudo random number generator...
         Starting Login Service...
[    8.322066] cloud-init[962]: |.o  =   .+       |
[    8.328330] cloud-init[962]: |.. *   .o        |
[    8.329934] cloud-init[962]: |  * .  .S        |
[    8.331866]          Starting Virtualbox guest utils...
[[0;32m  OK  [0m] Started FUSE filesystem for LXC.
         Starting LSB: MD monitoring daemon...
         Starting LXD - container startup/shutdown...
         Starting System Logging Service...
[[0;32m  OK  [0m] Started Deferred execution scheduler.
[[0;32m  OK  [0m] Started D-Bus System Message Bus.
cloud-init[962]: | . + E           |
[    8.340936] cloud-init[962]: |.   O...         |
[    8.342131] cloud-init[962]: |.o+*.=+          |
[    8.354202] cloud-init[962]: |oo=*=o .         |
[    8.355331] cloud-init[962]: +----[SHA256]-----+
         Starting /etc/rc.local Compatibility...
         Starting LSB: Record successful boot for GRUB...
[[0;32m  OK  [0m] Started ACPI event daemon.
[[0;32m  OK  [0m] Started Regular background program processing daemon.
         Starting Accounts Service...
         Starting Snap Daemon...
[[0;32m  OK  [0m] Started System Logging Service.
[[0;32m  OK  [0m] Started /etc/rc.local Compatibility.
[[0;32m  OK  [0m] Started Login Service.
[[0;32m  OK  [0m] Started Unattended Upgrades Shutdown.
[[0;32m  OK  [0m] Started iSCSI initiator daemon (iscsid).
         Starting Login to default iSCSI targets...
[[0;32m  OK  [0m] Started Login to default iSCSI targets.
[[0;32m  OK  [0m] Reached target Remote File Systems (Pre).
[[0;32m  OK  [0m] Reached target Remote File Systems.
         Starting LSB: automatic crash report generation...
         Starting LSB: daemon to balance interrupts for SMP systems...
         Starting Permit User Sessions...
         Starting LSB: Set the CPU Frequency Scaling governor to "ondemand"...
[[0;32m  OK  [0m] Started Permit User Sessions.
         Starting Terminate Plymouth Boot Screen...
         Starting Hold until boot process finishes up...
[[0;32m  OK  [0m] Started LSB: MD monitoring daemon.
[[0;32m  OK  [0m] Started Hold until boot process finishes up.
[[0;32m  OK  [0m] Started Terminate Plymouth Boot Screen.
[[0;32m  OK  [0m] Started LXD - container startup/shutdown.
[[0;32m  OK  [0m] Started Serial Getty on ttyS0.
[[0;32m  OK  [0m] Started Getty on tty1.
[[0;32m  OK  [0m] Reached target Login Prompts.
         Starting Set console scheme...
[[0;32m  OK  [0m] Started LSB: Record successful boot for GRUB.
[[0;32m  OK  [0m] Started LSB: Set the CPU Frequency Scaling governor to "ondemand".
[[0;32m  OK  [0m] Started Set console scheme.
[[0;32m  OK  [0m] Started LSB: automatic crash report generation.
         Starting Authenticate and Authorize Users to Run Privileged Tasks...
[[0;32m  OK  [0m] Started LSB: daemon to balance interrupts for SMP systems.
[[0;32m  OK  [0m] Started Authenticate and Authorize Users to Run Privileged Tasks.
[[0;32m  OK  [0m] Started Accounts Service.
[[0;32m  OK  [0m] Started Virtualbox guest utils.
[[0;32m  OK  [0m] Started Snap Daemon.
         Starting Wait until snapd is fully seeded...
[[0;32m  OK  [0m] Started Pollinate to seed the pseudo random number generator.
         Starting OpenBSD Secure Shell server...
[[0;32m  OK  [0m] Started OpenBSD Secure Shell server.
[[0;32m  OK  [0m] Created slice User Slice of vagrant.
         Starting User Manager for UID 1000...
[[0;32m  OK  [0m] Started Session 1 of user vagrant.
[[0;32m  OK  [0m] Started User Manager for UID 1000.
[[0;32m  OK  [0m] Started Wait until snapd is fully seeded.
         Starting Apply the settings specified in cloud-config...
[[0;32m  OK  [0m] Reached target Multi-User System.
[[0;32m  OK  [0m] Reached target Graphical Interface.
         Starting Update UTMP about System Runlevel Changes...
[[0;32m  OK  [0m] Started Update UTMP about System Runlevel Changes.
[   12.346347] cloud-init[1336]: Generating locales (this might take a while)...
[   13.142629] cloud-init[1336]:   en_US.UTF-8... done
[   13.144439] cloud-init[1336]: Generation complete.
[   13.445968] cloud-init[1336]: Cloud-init v. 21.1-19-gbad84ad4-0ubuntu1~16.04.2 running 'modules:config' at Mon, 04 Oct 2021 10:24:37 +0000. Up 12.19 seconds.
[[0;32m  OK  [0m] Started Apply the settings specified in cloud-config.
         Starting Execute cloud user/final scripts...
ci-info: no authorized SSH keys fingerprints found for user ubuntu.
<14>Oct  4 10:24:39 ec2: 
<14>Oct  4 10:24:39 ec2: #############################################################
<14>Oct  4 10:24:39 ec2: -----BEGIN SSH HOST KEY FINGERPRINTS-----
<14>Oct  4 10:24:39 ec2: 1024 SHA256:Ew+A41/Awb4FZHp3xaevcOzJgdH53t6H1xhR80NJmpw root@ubuntu-xenial (DSA)
<14>Oct  4 10:24:39 ec2: 256 SHA256:ktY96yTZoHAID0tVhgH/hGcClmu8nYCngGqnl3HyfBo root@ubuntu-xenial (ECDSA)
<14>Oct  4 10:24:39 ec2: 256 SHA256:VIYB1K0WLYBVCB4YbKl8uy5f52icQBlr2vvKqOFt01g root@ubuntu-xenial (ED25519)
<14>Oct  4 10:24:39 ec2: 2048 SHA256:ZG30bAfPqZSIJ0dP34tYUGoTWjaP4PEq7onOcAGXLE0 root@ubuntu-xenial (RSA)
<14>Oct  4 10:24:39 ec2: -----END SSH HOST KEY FINGERPRINTS-----
<14>Oct  4 10:24:39 ec2: #############################################################
-----BEGIN SSH HOST KEY KEYS-----
ecdsa-sha2-nistp256 AAAAE2VjZHNhLXNoYTItbmlzdHAyNTYAAAAIbmlzdHAyNTYAAABBBMTCEaXkEZR7d6fHttNLYuHw2nmV3EKAb36yECK/+30w/9vVx5+alBvKih74kROsh17wK4yDrC9XcmEqn3o2h74= root@ubuntu-xenial
ssh-ed25519 AAAAC3NzaC1lZDI1NTE5AAAAIOWgF3HRXPhzNGlqNu7uRJaaUJe97b/TleTS1f4Qu9Tb root@ubuntu-xenial
ssh-rsa AAAAB3NzaC1yc2EAAAADAQABAAABAQDOgOiGRef8nX8NB3s+IHOECalffPNr0/mlogk4P60q2ha91WNSGbzIboJV4N/1wR6yUoqFOtKSJW3KCsMHnPpWtCEk0dXBGeez2FROhHnWXLxuAR9PypcYFMH5W2Cz+1WbwmoTzo2NBJlGg8eanXIaPGfnDdB/g/yHvhHU9jhEnc9z8vMS9nqPmuIeJ7KPGbhXwEc7L4Y8cXI+Qb89+3+YetvLp1bO6j7qfcsVvUMR+1ih2yGziRsh4MRrPgCY2S5ha1LyKjGWAT+OpQXQwKTRUBQXdg8Pk4pehuFEAeUBm6PYM7y6WrTSFVyDO/p3DeBskKQcJQR8/2e2YLnJyLoR root@ubuntu-xenial
-----END SSH HOST KEY KEYS-----
[   13.909754] cloud-init[1583]: Cloud-init v. 21.1-19-gbad84ad4-0ubuntu1~16.04.2 running 'modules:final' at Mon, 04 Oct 2021 10:24:39 +0000. Up 13.79 seconds.
[   13.909964] cloud-init[1583]: ci-info: no authorized SSH keys fingerprints found for user ubuntu.
[   13.911954] cloud-init[1583]: Cloud-init v. 21.1-19-gbad84ad4-0ubuntu1~16.04.2 finished at Mon, 04 Oct 2021 10:24:39 +0000. Datasource DataSourceNoCloud [seed=/dev/sdb][dsmode=net].  Up 13.89 seconds

Ubuntu 16.04.7 LTS dbserver ttyS0

dbserver login: 