[    0.000000] Initializing cgroup subsys cpuset
[    0.000000] Initializing cgroup subsys cpu
[    0.000000] Initializing cgroup subsys cpuacct
[    0.000000] Linux version 4.4.0-210-generic (buildd@lgw01-amd64-009) (gcc version 5.4.0 20160609 (Ubuntu 5.4.0-6ubuntu1~16.04.12) ) #242-Ubuntu SMP Fri Apr 16 09:57:56 UTC 2021 (Ubuntu 4.4.0-210.242-generic 4.4.262)
[    0.000000] Command line: BOOT_IMAGE=/boot/vmlinuz-4.4.0-210-generic root=LABEL=cloudimg-rootfs ro console=tty1 console=ttyS0
[    0.000000] KERNEL supported cpus:
[    0.000000]   Intel GenuineIntel
[    0.000000]   AMD AuthenticAMD
[    0.000000]   Centaur CentaurHauls
[    0.000000] x86/fpu: xstate_offset[2]:  576, xstate_sizes[2]:  256
[    0.000000] x86/fpu: Supporting XSAVE feature 0x01: 'x87 floating point registers'
[    0.000000] x86/fpu: Supporting XSAVE feature 0x02: 'SSE registers'
[    0.000000] x86/fpu: Supporting XSAVE feature 0x04: 'AVX registers'
[    0.000000] x86/fpu: Enabled xstate features 0x7, context size is 832 bytes, using 'standard' format.
[    0.000000] e820: BIOS-provided physical RAM map:
[    0.000000] BIOS-e820: [mem 0x0000000000000000-0x000000000009fbff] usable
[    0.000000] BIOS-e820: [mem 0x000000000009fc00-0x000000000009ffff] reserved
[    0.000000] BIOS-e820: [mem 0x00000000000f0000-0x00000000000fffff] reserved
[    0.000000] BIOS-e820: [mem 0x0000000000100000-0x000000003ffeffff] usable
[    0.000000] BIOS-e820: [mem 0x000000003fff0000-0x000000003fffffff] ACPI data
[    0.000000] BIOS-e820: [mem 0x00000000fec00000-0x00000000fec00fff] reserved
[    0.000000] BIOS-e820: [mem 0x00000000fee00000-0x00000000fee00fff] reserved
[    0.000000] BIOS-e820: [mem 0x00000000fffc0000-0x00000000ffffffff] reserved
[    0.000000] NX (Execute Disable) protection: active
[    0.000000] SMBIOS 2.5 present.
[    0.000000] Hypervisor detected: KVM
[    0.000000] e820: last_pfn = 0x3fff0 max_arch_pfn = 0x400000000
[    0.000000] MTRR: Disabled
[    0.000000] x86/PAT: MTRRs disabled, skipping PAT initialization too.
[    0.000000] CPU MTRRs all blank - virtualized system.
[    0.000000] x86/PAT: Configuration [0-7]: WB  WT  UC- UC  WB  WT  UC- UC  
[    0.000000] found SMP MP-table at [mem 0x0009fff0-0x0009ffff] mapped at [ffff88000009fff0]
[    0.000000] Scanning 1 areas for low memory corruption
[    0.000000] RAMDISK: [mem 0x362dc000-0x37165fff]
[    0.000000] ACPI: Early table checksum verification disabled
[    0.000000] ACPI: RSDP 0x00000000000E0000 000024 (v02 VBOX  )
[    0.000000] ACPI: XSDT 0x000000003FFF0030 00003C (v01 VBOX   VBOXXSDT 00000001 ASL  00000061)
[    0.000000] ACPI: FACP 0x000000003FFF00F0 0000F4 (v04 VBOX   VBOXFACP 00000001 ASL  00000061)
[    0.000000] ACPI: DSDT 0x000000003FFF0470 002325 (v02 VBOX   VBOXBIOS 00000002 INTL 20120111)
[    0.000000] ACPI: FACS 0x000000003FFF0200 000040
[    0.000000] ACPI: FACS 0x000000003FFF0200 000040
[    0.000000] ACPI: APIC 0x000000003FFF0240 00005C (v02 VBOX   VBOXAPIC 00000001 ASL  00000061)
[    0.000000] ACPI: SSDT 0x000000003FFF02A0 0001CC (v01 VBOX   VBOXCPUT 00000002 INTL 20120111)
[    0.000000] No NUMA configuration found
[    0.000000] Faking a node at [mem 0x0000000000000000-0x000000003ffeffff]
[    0.000000] NODE_DATA(0) allocated [mem 0x3ffeb000-0x3ffeffff]
[    0.000000] kvm-clock: Using msrs 4b564d01 and 4b564d00
[    0.000000] kvm-clock: cpu 0, msr 0:3ffe3001, primary cpu clock
[    0.000000] kvm-clock: using sched offset of 4363751346 cycles
[    0.000000] clocksource: kvm-clock: mask: 0xffffffffffffffff max_cycles: 0x1cd42e4dffb, max_idle_ns: 881590591483 ns
[    0.000000] Zone ranges:
[    0.000000]   DMA      [mem 0x0000000000001000-0x0000000000ffffff]
[    0.000000]   DMA32    [mem 0x0000000001000000-0x000000003ffeffff]
[    0.000000]   Normal   empty
[    0.000000]   Device   empty
[    0.000000] Movable zone start for each node
[    0.000000] Early memory node ranges
[    0.000000]   node   0: [mem 0x0000000000001000-0x000000000009efff]
[    0.000000]   node   0: [mem 0x0000000000100000-0x000000003ffeffff]
[    0.000000] Initmem setup node 0 [mem 0x0000000000001000-0x000000003ffeffff]
[    0.000000] ACPI: PM-Timer IO Port: 0x4008
[    0.000000] IOAPIC[0]: apic_id 2, version 32, address 0xfec00000, GSI 0-23
[    0.000000] ACPI: INT_SRC_OVR (bus 0 bus_irq 0 global_irq 2 dfl dfl)
[    0.000000] ACPI: INT_SRC_OVR (bus 0 bus_irq 9 global_irq 9 low level)
[    0.000000] Using ACPI (MADT) for SMP configuration information
[    0.000000] smpboot: Allowing 2 CPUs, 0 hotplug CPUs
[    0.000000] PM: Registered nosave memory: [mem 0x00000000-0x00000fff]
[    0.000000] PM: Registered nosave memory: [mem 0x0009f000-0x0009ffff]
[    0.000000] PM: Registered nosave memory: [mem 0x000a0000-0x000effff]
[    0.000000] PM: Registered nosave memory: [mem 0x000f0000-0x000fffff]
[    0.000000] e820: [mem 0x40000000-0xfebfffff] available for PCI devices
[    0.000000] Booting paravirtualized kernel on KVM
[    0.000000] clocksource: refined-jiffies: mask: 0xffffffff max_cycles: 0xffffffff, max_idle_ns: 7645519600211568 ns
[    0.000000] setup_percpu: NR_CPUS:512 nr_cpumask_bits:512 nr_cpu_ids:2 nr_node_ids:1
[    0.000000] PERCPU: Embedded 33 pages/cpu @ffff88003fc00000 s95192 r8192 d31784 u1048576
[    0.000000] Built 1 zonelists in Node order, mobility grouping on.  Total pages: 257912
[    0.000000] Policy zone: DMA32
[    0.000000] Kernel command line: BOOT_IMAGE=/boot/vmlinuz-4.4.0-210-generic root=LABEL=cloudimg-rootfs ro console=tty1 console=ttyS0
[    0.000000] PID hash table entries: 4096 (order: 3, 32768 bytes)
[    0.000000] Memory: 997792K/1048120K available (8644K kernel code, 1332K rwdata, 4044K rodata, 1492K init, 1164K bss, 50328K reserved, 0K cma-reserved)
[    0.000000] SLUB: HWalign=64, Order=0-3, MinObjects=0, CPUs=2, Nodes=1
[    0.000000] Kernel/User page tables isolation: enabled
[    0.000000] Hierarchical RCU implementation.
[    0.000000] 	Build-time adjustment of leaf fanout to 64.
[    0.000000] 	RCU restricting CPUs from NR_CPUS=512 to nr_cpu_ids=2.
[    0.000000] RCU: Adjusting geometry for rcu_fanout_leaf=64, nr_cpu_ids=2
[    0.000000] NR_IRQS:33024 nr_irqs:440 16
[    0.000000] Console: colour VGA+ 80x25
[    0.000000] console [tty1] enabled
[    0.000000] console [ttyS0] enabled
[    0.000000] tsc: Detected 2494.226 MHz processor
[    0.216344] Calibrating delay loop (skipped) preset value.. 4988.45 BogoMIPS (lpj=9976904)
[    0.220033] pid_max: default: 32768 minimum: 301
[    0.222219] ACPI: Core revision 20150930
[    0.225219] ACPI: 2 ACPI AML tables successfully acquired and loaded
[    0.228699] Security Framework initialized
[    0.230336] Yama: becoming mindful.
[    0.232891] AppArmor: AppArmor initialized
[    0.234346] Dentry cache hash table entries: 131072 (order: 8, 1048576 bytes)
[    0.238231] Inode-cache hash table entries: 65536 (order: 7, 524288 bytes)
[    0.241690] Mount-cache hash table entries: 2048 (order: 2, 16384 bytes)
[    0.244374] Mountpoint-cache hash table entries: 2048 (order: 2, 16384 bytes)
[    0.249216] Initializing cgroup subsys io
[    0.251888] Initializing cgroup subsys memory
[    0.253574] Initializing cgroup subsys devices
[    0.256244] Initializing cgroup subsys freezer
[    0.258555] Initializing cgroup subsys net_cls
[    0.260784] Initializing cgroup subsys perf_event
[    0.264750] Initializing cgroup subsys net_prio
[    0.268086] Initializing cgroup subsys hugetlb
[    0.270559] Initializing cgroup subsys pids
[    0.281363] mce: CPU supports 0 MCE banks
[    0.284821] Last level iTLB entries: 4KB 1024, 2MB 1024, 4MB 1024
[    0.286698] Last level dTLB entries: 4KB 1024, 2MB 1024, 4MB 1024, 1GB 4
[    0.289182] Spectre V1 : Mitigation: usercopy/swapgs barriers and __user pointer sanitization
[    0.292782] Spectre V2 : Mitigation: Full generic retpoline
[    0.294488] Spectre V2 : Spectre v2 / SpectreRSB mitigation: Filling RSB on context switch
[    0.297888] Speculative Store Bypass: Vulnerable
[    0.299242] SRBDS: Unknown: Dependent on hypervisor status
[    0.301236] MDS: Mitigation: Clear CPU buffers
[    0.306484] Freeing SMP alternatives memory: 36K
[    0.315769] ftrace: allocating 32380 entries in 127 pages
[    0.375437] smpboot: APIC(0) Converting physical 0 to logical package 0
[    0.378523] smpboot: Max logical packages: 1
[    0.379823] x2apic enabled
[    0.380820] Switched APIC routing to physical x2apic.
[    0.383348] ..TIMER: vector=0x30 apic1=0 pin1=2 apic2=-1 pin2=-1
[    0.493223] smpboot: CPU0: Intel(R) Core(TM) i7-4870HQ CPU @ 2.50GHz (family: 0x6, model: 0x46, stepping: 0x1)
[    0.496672] Performance Events: unsupported p6 CPU model 70 no PMU driver, software events only.
[    0.510743] KVM setup paravirtual spinlock
[    0.514126] x86: Booting SMP configuration:
[    0.515327] .... node  #0, CPUs:      #1
[    0.516604] kvm-clock: cpu 1, msr 0:3ffe3041, secondary cpu clock
[    0.524450] mce: CPU supports 0 MCE banks
[    0.527600] x86: Booted up 1 node, 2 CPUs
[    0.529194] smpboot: Total of 2 processors activated (9976.90 BogoMIPS)
[    0.531137] devtmpfs: initialized
[    0.533207] evm: security.selinux
[    0.534270] evm: security.SMACK64
[    0.535202] evm: security.SMACK64EXEC
[    0.536687] evm: security.SMACK64TRANSMUTE
[    0.537773] evm: security.SMACK64MMAP
[    0.538777] evm: security.ima
[    0.539562] evm: security.capability
[    0.540786] clocksource: jiffies: mask: 0xffffffff max_cycles: 0xffffffff, max_idle_ns: 7645041785100000 ns
[    0.543155] futex hash table entries: 512 (order: 3, 32768 bytes)
[    0.545468] pinctrl core: initialized pinctrl subsystem
[    0.546864] RTC time:  3:57:09, date: 09/08/21
[    0.548247] NET: Registered protocol family 16
[    0.558132] cpuidle: using governor ladder
[    0.570227] cpuidle: using governor menu
[    0.571794] PCCT header not found.
[    0.573020] ACPI: bus type PCI registered
[    0.574169] acpiphp: ACPI Hot Plug PCI Controller Driver version: 0.5
[    0.577054] PCI: Using configuration type 1 for base access
[    0.591248] ACPI: Added _OSI(Module Device)
[    0.593064] ACPI: Added _OSI(Processor Device)
[    0.594481] ACPI: Added _OSI(3.0 _SCP Extensions)
[    0.595774] ACPI: Added _OSI(Processor Aggregator Device)
[    0.597812] ACPI: Executed 1 blocks of module-level executable AML code
[    0.601249] ACPI: Interpreter enabled
[    0.602360] ACPI: (supports S0 S5)
[    0.603438] ACPI: Using IOAPIC for interrupt routing
[    0.604884] PCI: Using host bridge windows from ACPI; if necessary, use "pci=nocrs" and report a bug
[    0.611545] ACPI: PCI Root Bridge [PCI0] (domain 0000 [bus 00-ff])
[    0.613278] acpi PNP0A03:00: _OSC: OS supports [ASPM ClockPM Segments MSI]
[    0.615205] acpi PNP0A03:00: _OSC: not requesting OS control; OS requires [ExtendedConfig ASPM ClockPM MSI]
[    0.617558] acpi PNP0A03:00: fail to add MMCONFIG information, can't access extended PCI configuration space under this bridge.
[    0.620960] PCI host bridge to bus 0000:00
[    0.622081] pci_bus 0000:00: root bus resource [io  0x0000-0x0cf7 window]
[    0.623668] pci_bus 0000:00: root bus resource [io  0x0d00-0xffff window]
[    0.625503] pci_bus 0000:00: root bus resource [mem 0x000a0000-0x000bffff window]
[    0.627339] pci_bus 0000:00: root bus resource [mem 0x40000000-0xfdffffff window]
[    0.629203] pci_bus 0000:00: root bus resource [bus 00-ff]
[    0.633097] pci 0000:00:01.1: legacy IDE quirk: reg 0x10: [io  0x01f0-0x01f7]
[    0.634668] pci 0000:00:01.1: legacy IDE quirk: reg 0x14: [io  0x03f6]
[    0.636358] pci 0000:00:01.1: legacy IDE quirk: reg 0x18: [io  0x0170-0x0177]
[    0.646557] pci 0000:00:01.1: legacy IDE quirk: reg 0x1c: [io  0x0376]
[    0.661811] pci 0000:00:07.0: quirk: [io  0x4000-0x403f] claimed by PIIX4 ACPI
[    0.664152] pci 0000:00:07.0: quirk: [io  0x4100-0x410f] claimed by PIIX4 SMB
[    0.675192] ACPI: PCI Interrupt Link [LNKA] (IRQs 5 9 10 *11)
[    0.677291] ACPI: PCI Interrupt Link [LNKB] (IRQs 5 9 *10 11)
[    0.679546] ACPI: PCI Interrupt Link [LNKC] (IRQs 5 *9 10 11)
[    0.681610] ACPI: PCI Interrupt Link [LNKD] (IRQs 5 9 10 *11)
[    0.683340] ACPI: Enabled 2 GPEs in block 00 to 07
[    0.685012] vgaarb: setting as boot device: PCI:0000:00:02.0
[    0.686497] vgaarb: device added: PCI:0000:00:02.0,decodes=io+mem,owns=io+mem,locks=none
[    0.688646] vgaarb: loaded
[    0.689327] vgaarb: bridge control possible 0000:00:02.0
[    0.690731] SCSI subsystem initialized
[    0.691898] ACPI: bus type USB registered
[    0.693006] usbcore: registered new interface driver usbfs
[    0.694614] usbcore: registered new interface driver hub
[    0.695956] usbcore: registered new device driver usb
[    0.698992] PCI: Using ACPI for IRQ routing
[    0.700442] NetLabel: Initializing
[    0.701534] NetLabel:  domain hash size = 128
[    0.702759] NetLabel:  protocols = UNLABELED CIPSOv4
[    0.703980] NetLabel:  unlabeled traffic allowed by default
[    0.705509] amd_nb: Cannot enumerate AMD northbridges
[    0.706936] clocksource: Switched to clocksource kvm-clock
[    0.715748] AppArmor: AppArmor Filesystem Enabled
[    0.716957] pnp: PnP ACPI init
[    0.719123] pnp: PnP ACPI: found 3 devices
[    0.728902] clocksource: acpi_pm: mask: 0xffffff max_cycles: 0xffffff, max_idle_ns: 2085701024 ns
[    0.731234] NET: Registered protocol family 2
[    0.732665] TCP established hash table entries: 8192 (order: 4, 65536 bytes)
[    0.734187] TCP bind hash table entries: 8192 (order: 5, 131072 bytes)
[    0.735642] TCP: Hash tables configured (established 8192 bind 8192)
[    0.736981] UDP hash table entries: 512 (order: 2, 16384 bytes)
[    0.738230] UDP-Lite hash table entries: 512 (order: 2, 16384 bytes)
[    0.739947] NET: Registered protocol family 1
[    0.741087] pci 0000:00:00.0: Limiting direct PCI/PCI transfers
[    0.742405] pci 0000:00:01.0: Activating ISA DMA hang workarounds
[    0.744360] Unpacking initramfs...
[    0.944572] Freeing initrd memory: 14888K
[    0.945927] clocksource: tsc: mask: 0xffffffffffffffff max_cycles: 0x23f3eb3743e, max_idle_ns: 440795257847 ns
[    0.948766] platform rtc_cmos: registered platform RTC device (no PNP device found)
[    0.950659] Scanning for low memory corruption every 60 seconds
[    0.952672] audit: initializing netlink subsys (disabled)
[    0.953941] audit: type=2000 audit(1631073435.533:1): initialized
[    0.955491] Initialise system trusted keyring
[    0.956788] HugeTLB registered 2 MB page size, pre-allocated 0 pages
[    0.959755] zbud: loaded
[    0.960750] VFS: Disk quotas dquot_6.6.0
[    0.961879] VFS: Dquot-cache hash table entries: 512 (order 0, 4096 bytes)
[    0.963671] squashfs: version 4.0 (2009/01/31) Phillip Lougher
[    0.965431] fuse init (API version 7.23)
[    0.966619] Key type big_key registered
[    0.967618] Allocating IMA MOK and blacklist keyrings.
[    0.970393] Key type asymmetric registered
[    0.971909] Asymmetric key parser 'x509' registered
[    0.973039] Block layer SCSI generic (bsg) driver version 0.4 loaded (major 249)
[    0.975116] io scheduler noop registered
[    0.976100] io scheduler deadline registered (default)
[    0.977383] io scheduler cfq registered
[    0.978454] pci_hotplug: PCI Hot Plug PCI Core version: 0.5
[    0.980127] pciehp: PCI Express Hot Plug Controller Driver version: 0.4
[    0.982236] ACPI: AC Adapter [AC] (off-line)
[    0.983402] input: Power Button as /devices/LNXSYSTM:00/LNXPWRBN:00/input/input0
[    0.985484] ACPI: Power Button [PWRF]
[    0.986657] input: Sleep Button as /devices/LNXSYSTM:00/LNXSLPBN:00/input/input1
[    0.988420] ACPI: Sleep Button [SLPF]
[    0.989458] GHES: HEST is not enabled!
[    0.990767] ACPI: Battery Slot [BAT0] (battery present)
[    0.992756] Serial: 8250/16550 driver, 32 ports, IRQ sharing enabled
[    1.015138] 00:02: ttyS0 at I/O 0x3f8 (irq = 4, base_baud = 115200) is a 16550A
[    1.019656] Linux agpgart interface v0.103
[    1.022245] loop: module loaded
[    1.023778] scsi host0: ata_piix
[    1.024791] scsi host1: ata_piix
[    1.025620] ata1: PATA max UDMA/33 cmd 0x1f0 ctl 0x3f6 bmdma 0xd000 irq 14
[    1.027271] ata2: PATA max UDMA/33 cmd 0x170 ctl 0x376 bmdma 0xd008 irq 15
[    1.029612] libphy: Fixed MDIO Bus: probed
[    1.030611] tun: Universal TUN/TAP device driver, 1.6
[    1.031890] tun: (C) 1999-2004 Max Krasnyansky <maxk@qualcomm.com>
[    1.033291] PPP generic driver version 2.4.2
[    1.034506] ehci_hcd: USB 2.0 'Enhanced' Host Controller (EHCI) Driver
[    1.036093] ehci-pci: EHCI PCI platform driver
[    1.037148] ehci-platform: EHCI generic platform driver
[    1.038496] ohci_hcd: USB 1.1 'Open' Host Controller (OHCI) Driver
[    1.039957] ohci-pci: OHCI PCI platform driver
[    1.041036] ohci-platform: OHCI generic platform driver
[    1.042266] uhci_hcd: USB Universal Host Controller Interface driver
[    1.043901] i8042: PNP: PS/2 Controller [PNP0303:PS2K,PNP0f03:PS2M] at 0x60,0x64 irq 1,12
[    1.046117] serio: i8042 KBD port at 0x60,0x64 irq 1
[    1.047202] serio: i8042 AUX port at 0x60,0x64 irq 12
[    1.048683] mousedev: PS/2 mouse device common for all mice
[    1.050438] input: AT Translated Set 2 keyboard as /devices/platform/i8042/serio0/input/input2
[    1.052932] rtc_cmos rtc_cmos: rtc core: registered rtc_cmos as rtc0
[    1.054503] rtc_cmos rtc_cmos: alarms up to one day, 114 bytes nvram
[    1.056644] i2c /dev entries driver
[    1.057601] device-mapper: uevent: version 1.0.3
[    1.059170] device-mapper: ioctl: 4.34.0-ioctl (2015-10-28) initialised: dm-devel@redhat.com
[    1.061198] ledtrig-cpu: registered to indicate activity on CPUs
[    1.062942] NET: Registered protocol family 10
[    1.064419] NET: Registered protocol family 17
[    1.065624] Key type dns_resolver registered
[    1.067163] registered taskstats version 1
[    1.068375] Loading compiled-in X.509 certificates
[    1.070410] Loaded X.509 cert 'Build time autogenerated kernel key: cf00e047681d67edb2720680708b7d9498083038'
[    1.072825] zswap: loaded using pool lzo/zbud
[    1.075783] Key type trusted registered
[    1.079689] Key type encrypted registered
[    1.080857] AppArmor: AppArmor sha1 policy hashing enabled
[    1.082196] ima: No TPM chip found, activating TPM-bypass!
[    1.083574] ima: Allocated hash algorithm: sha1
[    1.084757] evm: HMAC attrs: 0x1
[    1.086239]   Magic number: 5:377:967
[    1.087482] rtc_cmos rtc_cmos: setting system clock to 2021-09-08 03:57:10 UTC (1631073430)
[    1.089830] BIOS EDD facility v0.16 2004-Jun-25, 0 devices found
[    1.091415] EDD information not available.
[    1.206868] Freeing unused kernel memory: 1492K
[    1.208043] Write protecting the kernel read-only data: 14336k
[    1.209845] Freeing unused kernel memory: 1584K
[    1.211240] Freeing unused kernel memory: 52K
Loading, please wait...
starting version 229
[    1.225164] random: systemd-udevd: uninitialized urandom read (16 bytes read, 2 bits of entropy available)
[    1.225746] random: udevadm: uninitialized urandom read (16 bytes read, 2 bits of entropy available)
[    1.225767] random: udevadm: uninitialized urandom read (16 bytes read, 2 bits of entropy available)
[    1.232761] random: systemd-udevd: uninitialized urandom read (16 bytes read, 2 bits of entropy available)
[    1.233196] random: udevadm: uninitialized urandom read (16 bytes read, 2 bits of entropy available)
[    1.233238] random: udevadm: uninitialized urandom read (16 bytes read, 2 bits of entropy available)
[    1.233356] random: udevadm: uninitialized urandom read (16 bytes read, 2 bits of entropy available)
[    1.233402] random: udevadm: uninitialized urandom read (16 bytes read, 2 bits of entropy available)
[    1.233450] random: udevadm: uninitialized urandom read (16 bytes read, 2 bits of entropy available)
[    1.233543] random: udevadm: uninitialized urandom read (16 bytes read, 2 bits of entropy available)
[    1.279698] e1000: Intel(R) PRO/1000 Network Driver - version 7.3.21-k8-NAPI
[    1.281507] e1000: Copyright (c) 1999-2006 Intel Corporation.
[    1.283206] Fusion MPT base driver 3.04.20
[    1.286296] Copyright (c) 1999-2008 LSI Corporation
[    1.293671] Fusion MPT SPI Host driver 3.04.20
[    1.308491] AVX2 version of gcm_enc/dec engaged.
[    1.310097] AES CTR mode by8 optimization enabled
[    1.499701] input: ImExPS/2 Generic Explorer Mouse as /devices/platform/i8042/serio1/input/input4
[    1.684104] e1000 0000:00:03.0 eth0: (PCI:33MHz:32-bit) 02:a0:46:b5:71:eb
[    1.685834] e1000 0000:00:03.0 eth0: Intel(R) PRO/1000 Network Connection
[    2.377240] e1000 0000:00:08.0 eth1: (PCI:33MHz:32-bit) 08:00:27:14:5f:71
[    2.378991] e1000 0000:00:08.0 eth1: Intel(R) PRO/1000 Network Connection
[    2.382498] e1000 0000:00:03.0 enp0s3: renamed from eth0
[    2.384595] mptbase: ioc0: Initiating bringup
[    2.399691] e1000 0000:00:08.0 enp0s8: renamed from eth1
[    2.507403] ioc0: LSI53C1030 A0: Capabilities={Initiator}
[    4.540658] scsi host2: ioc0: LSI53C1030 A0, FwRev=00000000h, Ports=1, MaxQ=256, IRQ=20
[    4.729019] scsi 2:0:0:0: Direct-Access     VBOX     HARDDISK         1.0  PQ: 0 ANSI: 5
[    4.732657] scsi target2:0:0: Beginning Domain Validation
[    4.735507] scsi target2:0:0: Domain Validation skipping write tests
[    4.737150] scsi target2:0:0: Ending Domain Validation
[    4.738436] scsi target2:0:0: asynchronous
[    4.740018] scsi 2:0:1:0: Direct-Access     VBOX     HARDDISK         1.0  PQ: 0 ANSI: 5
[    4.749711] scsi target2:0:1: Beginning Domain Validation
[    4.752163] scsi target2:0:1: Domain Validation skipping write tests
[    4.753705] scsi target2:0:1: Ending Domain Validation
[    4.755133] scsi target2:0:1: asynchronous
[    4.762448] sd 2:0:0:0: Attached scsi generic sg0 type 0
[    4.763832] sd 2:0:0:0: [sda] 83886080 512-byte logical blocks: (42.9 GB/40.0 GiB)
[    4.766070] sd 2:0:1:0: Attached scsi generic sg1 type 0
[    4.767572] sd 2:0:0:0: [sda] Write Protect is off
[    4.768719] sd 2:0:1:0: [sdb] 20480 512-byte logical blocks: (10.5 MB/10.0 MiB)
[    4.770885] sd 2:0:0:0: [sda] Incomplete mode parameter data
[    4.772496] sd 2:0:0:0: [sda] Assuming drive cache: write through
[    4.773926] sd 2:0:1:0: [sdb] Write Protect is off
[    4.775670] sd 2:0:1:0: [sdb] Incomplete mode parameter data
[    4.777264] sd 2:0:1:0: [sdb] Assuming drive cache: write through
[    4.779960]  sda: sda1
[    4.781502] sd 2:0:0:0: [sda] Attached SCSI disk
[    4.783451] sd 2:0:1:0: [sdb] Attached SCSI disk
Begin: Loading essential drivers ... [    6.081677] md: linear personality registered for level -1
[    6.085141] md: multipath personality registered for level -4
[    6.088459] md: raid0 personality registered for level 0
[    6.092983] md: raid1 personality registered for level 1
[    6.163053] raid6: sse2x1   gen()  9952 MB/s
[    6.231007] raid6: sse2x1   xor()  7419 MB/s
[    6.299089] raid6: sse2x2   gen() 12636 MB/s
[    6.367492] raid6: sse2x2   xor()  8675 MB/s
[    6.438313] raid6: sse2x4   gen() 10946 MB/s
[    6.523049] raid6: sse2x4   xor()  7688 MB/s
[    6.591062] raid6: avx2x1   gen() 18504 MB/s
[    6.659218] raid6: avx2x2   gen() 21237 MB/s
[    6.727053] raid6: avx2x4   gen() 22788 MB/s
[    6.728379] raid6: using algorithm avx2x4 gen() 22788 MB/s
[    6.729609] raid6: using avx2x2 recovery algorithm
[    6.732238] xor: automatically using best checksumming function:
[    6.771110]    avx       : 39347.000 MB/sec
[    6.773331] async_tx: api initialized (async)
[    6.784357] md: raid6 personality registered for level 6
[    6.785786] md: raid5 personality registered for level 5
[    6.787275] md: raid4 personality registered for level 4
[    6.796294] md: raid10 personality registered for level 10
done.
Begin: Running /scripts/init-premount ... done.
Begin: Mounting root file system ... Begin: Running /scripts/local-top ... done.
Begin: Running /scripts/local-premount ... [    6.827697] Btrfs loaded
Scanning for Btrfs filesystems
done.
Warning: fsck not present, so skipping root file system
[    6.863550] EXT4-fs (sda1): mounted filesystem with ordered data mode. Opts: (null)
done.
Begin: Running /scripts/local-bottom ... done.
Begin: Running /scripts/init-bottom ... done.
[    6.981602] systemd[1]: systemd 229 running in system mode. (+PAM +AUDIT +SELINUX +IMA +APPARMOR +SMACK +SYSVINIT +UTMP +LIBCRYPTSETUP +GCRYPT +GNUTLS +ACL +XZ -LZ4 +SECCOMP +BLKID +ELFUTILS +KMOD -IDN)
[    6.986199] systemd[1]: Detected virtualization oracle.
[    6.987662] systemd[1]: Detected architecture x86-64.

Welcome to [1mUbuntu 16.04.7 LTS[0m!

[    7.061426] systemd[1]: Set hostname to <ubuntu>.
[    7.066625] systemd[1]: Initializing machine ID from random generator.
[    7.068336] systemd[1]: Installed transient /etc/machine-id file.
